Log file open, 09/25/21 12:29:26
LogWindows: Failed to load 'aqProf.dll' (GetLastError=126)
LogWindows: File 'aqProf.dll' does not exist
LogWindows: Failed to load 'VtuneApi.dll' (GetLastError=126)
LogWindows: File 'VtuneApi.dll' does not exist
LogWindows: Failed to load 'VtuneApi32e.dll' (GetLastError=126)
LogWindows: File 'VtuneApi32e.dll' does not exist
LogConsoleResponse: Display: Failed to find resolution value strings in scalability ini. Falling back to default.
LogConsoleResponse: Display: Failed to find resolution value strings in scalability ini. Falling back to default.
LogInit: Display: Running engine for game: WavesShooter
LogPlatformFile: Not using cached read wrapper
LogTaskGraph: Started task graph with 5 named threads and 23 total threads with 3 sets of task threads.
LogStats: Stats thread started at 0.204489
LogICUInternationalization: ICU TimeZone Detection - Raw Offset: +1:00, Platform Override: ''
LogInit: Display: Loading text-based GConfig....
LogPluginManager: Mounting plugin MeshPainting
LogPluginManager: Mounting plugin XGEController
LogPluginManager: Mounting plugin Paper2D
LogPluginManager: Mounting plugin LiveLink
LogPluginManager: Mounting plugin AISupport
LogPluginManager: Mounting plugin EnvironmentQueryEditor
LogPluginManager: Mounting plugin LightPropagationVolume
LogPluginManager: Mounting plugin CameraShakePreviewer
LogPluginManager: Mounting plugin GameplayCameras
LogPluginManager: Mounting plugin AnimationSharing
LogPluginManager: Mounting plugin CLionSourceCodeAccess
LogPluginManager: Mounting plugin CodeLiteSourceCodeAccess
LogPluginManager: Mounting plugin GitSourceControl
LogPluginManager: Mounting plugin OodleData
LogPluginManager: Mounting plugin NullSourceCodeAccess
LogPluginManager: Mounting plugin KDevelopSourceCodeAccess
LogPluginManager: Mounting plugin PerforceSourceControl
LogPluginManager: Mounting plugin PixWinPlugin
LogPluginManager: Mounting plugin PlasticSourceControl
LogPluginManager: Mounting plugin PluginUtils
LogPluginManager: Mounting plugin PropertyAccessNode
LogPluginManager: Mounting plugin RiderSourceCodeAccess
LogPluginManager: Mounting plugin UObjectPlugin
LogPluginManager: Mounting plugin SubversionSourceControl
LogPluginManager: Mounting plugin TextureFormatOodle
LogPluginManager: Mounting plugin VisualStudioSourceCodeAccess
LogPluginManager: Mounting plugin VisualStudioCodeSourceCodeAccess
LogPluginManager: Mounting plugin XCodeSourceCodeAccess
LogPluginManager: Mounting plugin OodleNetwork
LogPluginManager: Mounting plugin DatasmithContent
LogPluginManager: Mounting plugin AssetManagerEditor
LogPluginManager: Mounting plugin VariantManagerContent
LogPluginManager: Mounting plugin DataValidation
LogPluginManager: Mounting plugin CurveEditorTools
LogPluginManager: Mounting plugin CryptoKeys
LogPluginManager: Mounting plugin GeometryMode
LogPluginManager: Mounting plugin FacialAnimation
LogPluginManager: Mounting plugin GameplayTagsEditor
LogPluginManager: Mounting plugin MaterialAnalyzer
LogPluginManager: Mounting plugin MacGraphicsSwitching
LogPluginManager: Mounting plugin MobileLauncherProfileWizard
LogPluginManager: Mounting plugin PluginBrowser
LogPluginManager: Mounting plugin SpeedTreeImporter
LogPluginManager: Mounting plugin LuminPlatformFeatures
LogPluginManager: Mounting plugin MagicLeap
LogPluginManager: Mounting plugin MagicLeapLightEstimation
LogPluginManager: Mounting plugin MagicLeapMedia
LogPluginManager: Mounting plugin MagicLeapPassableWorld
LogPluginManager: Mounting plugin MLSDK
LogPluginManager: Mounting plugin Niagara
LogPluginManager: Mounting plugin AndroidMedia
LogPluginManager: Mounting plugin AvfMedia
LogPluginManager: Mounting plugin MediaCompositing
LogPluginManager: Mounting plugin ImgMedia
LogPluginManager: Mounting plugin MediaPlayerEditor
LogPluginManager: Mounting plugin WebMMedia
LogPluginManager: Mounting plugin WmfMedia
LogPluginManager: Mounting plugin AlembicImporter
LogPluginManager: Mounting plugin AutomationUtils
LogPluginManager: Mounting plugin BackChannel
LogPluginManager: Mounting plugin ChaosCloth
LogPluginManager: Mounting plugin ChaosClothEditor
LogPluginManager: Mounting plugin ChaosNiagara
LogPluginManager: Mounting plugin ChaosSolverPlugin
LogPluginManager: Mounting plugin ChaosEditor
LogPluginManager: Mounting plugin CharacterAI
LogPluginManager: Mounting plugin GeometryCache
LogPluginManager: Mounting plugin GeometryCollectionPlugin
LogPluginManager: Mounting plugin UdpMessaging
LogPluginManager: Mounting plugin TcpMessaging
LogPluginManager: Mounting plugin GeometryProcessing
LogPluginManager: Mounting plugin ActorSequence
LogPluginManager: Mounting plugin LevelSequenceEditor
LogPluginManager: Mounting plugin MatineeToLevelSequence
LogPluginManager: Mounting plugin TemplateSequence
LogPluginManager: Mounting plugin MotoSynth
LogPluginManager: Mounting plugin OpenImageDenoise
LogPluginManager: Mounting plugin PlanarCut
LogPluginManager: Mounting plugin PlatformCrypto
LogPluginManager: Mounting plugin ProxyLODPlugin
LogPluginManager: Mounting plugin PythonScriptPlugin
LogPluginManager: Mounting plugin SkeletalReduction
LogPluginManager: Mounting plugin OnlineSubsystem
LogPluginManager: Mounting plugin OnlineSubsystemNull
LogPluginManager: Mounting plugin OnlineSubsystemUtils
LogPluginManager: Mounting plugin LauncherChunkInstaller
LogPluginManager: Mounting plugin ActorLayerUtilities
LogPluginManager: Mounting plugin AndroidMoviePlayer
LogPluginManager: Mounting plugin AndroidDeviceProfileSelector
LogPluginManager: Mounting plugin AndroidPermission
LogPluginManager: Mounting plugin AppleImageUtils
LogPluginManager: Mounting plugin AppleMoviePlayer
LogPluginManager: Mounting plugin ArchVisCharacter
LogPluginManager: Mounting plugin AssetTags
LogPluginManager: Mounting plugin AudioCapture
LogPluginManager: Mounting plugin AudioSynesthesia
LogPluginManager: Mounting plugin ChunkDownloader
LogPluginManager: Mounting plugin CableComponent
LogPluginManager: Mounting plugin CustomMeshComponent
LogPluginManager: Mounting plugin EditableMesh
LogPluginManager: Mounting plugin ExampleDeviceProfileSelector
LogPluginManager: Mounting plugin GooglePAD
LogPluginManager: Mounting plugin GoogleCloudMessaging
LogPluginManager: Mounting plugin ScreenshotTools
LogPluginManager: Mounting plugin Takes
LogPluginManager: Mounting plugin IOSDeviceProfileSelector
LogPluginManager: Mounting plugin LinuxDeviceProfileSelector
LogPluginManager: Mounting plugin LocationServicesBPLibrary
LogPluginManager: Mounting plugin MobilePatchingUtils
LogPluginManager: Mounting plugin OpenXRHandTracking
LogPluginManager: Mounting plugin OpenXR
LogPluginManager: Mounting plugin OpenXREyeTracker
LogPluginManager: Mounting plugin PhysXVehicles
LogPluginManager: Mounting plugin PostSplashScreen
LogPluginManager: Mounting plugin PropertyAccessEditor
LogPluginManager: Mounting plugin ProceduralMeshComponent
LogPluginManager: Mounting plugin RuntimePhysXCooking
LogPluginManager: Mounting plugin SignificanceManager
LogPluginManager: Mounting plugin SoundFields
LogPluginManager: Mounting plugin Synthesis
LogPluginManager: Mounting plugin WebMMoviePlayer
LogPluginManager: Mounting plugin WindowsMoviePlayer
LogPluginManager: Mounting plugin ContentBrowserFileDataSource
LogPluginManager: Mounting plugin ContentBrowserAssetDataSource
LogPluginManager: Mounting plugin ContentBrowserClassDataSource
LogPluginManager: Mounting plugin OnlineSubsystemGooglePlay
LogPluginManager: Mounting plugin OnlineSubsystemIOS
LogPluginManager: Mounting plugin OculusVR
LogPluginManager: Mounting plugin SteamVR
PixWinPlugin: PIX capture plugin failed to initialize! Check that the process is launched from PIX.
LogInit: Using libcurl 7.55.1-DEV
LogInit:  - built for x86_64-pc-win32
LogInit:  - supports SSL with OpenSSL/1.1.1
LogInit:  - supports HTTP deflate (compression) using libz 1.2.8
LogInit:  - other features:
LogInit:      CURL_VERSION_SSL
LogInit:      CURL_VERSION_LIBZ
LogInit:      CURL_VERSION_IPV6
LogInit:      CURL_VERSION_ASYNCHDNS
LogInit:      CURL_VERSION_LARGEFILE
LogInit:      CURL_VERSION_IDN
LogInit:  CurlRequestOptions (configurable via config and command line):
LogInit:  - bVerifyPeer = true  - Libcurl will verify peer certificate
LogInit:  - bUseHttpProxy = false  - Libcurl will NOT use HTTP proxy
LogInit:  - bDontReuseConnections = false  - Libcurl will reuse connections
LogInit:  - MaxHostConnections = 16  - Libcurl will limit the number of connections to a host
LogInit:  - LocalHostAddr = Default
LogInit:  - BufferSize = 65536
LogOnline: OSS: Creating online subsystem instance for: NULL
LogInit: WinSock: version 1.1 (2.2), MaxSocks=32767, MaxUdp=65467
LogOnline: OSS: TryLoadSubsystemAndSetDefault: Loaded subsystem for module [NULL]
LogOculusPluginWrapper: OculusPlugin initialized successfully
LogHMD: Failed initializing OVRPlugin 1.59.0
LogInit: Build: ++UE4+Release-4.27-CL-17155196
LogInit: Engine Version: 4.27.0-17155196+++UE4+Release-4.27
LogInit: Compatible Engine Version: 4.27.0-17155196+++UE4+Release-4.27
LogInit: Net CL: 17155196
LogInit: OS: Windows 10 (Release 2009) (), CPU: Intel(R) Core(TM) i5-10300H CPU @ 2.50GHz, GPU: Intel(R) UHD Graphics
LogInit: Compiled (64-bit): Aug 13 2021 06:13:13
LogInit: Compiled with Visual C++: 19.24.28315.00
LogInit: Build Configuration: Development
LogInit: Branch Name: ++UE4+Release-4.27
LogInit: Command Line: 
LogInit: Base Directory: C:/Program Files/Epic Games/UE_4.27/Engine/Binaries/Win64/
LogInit: Allocator: TBB
LogInit: Installed Engine Build: 1
LogDevObjectVersion: Number of dev versions registered: 29
LogDevObjectVersion:   Dev-Blueprints (B0D832E4-1F89-4F0D-ACCF-7EB736FD4AA2): 10
LogDevObjectVersion:   Dev-Build (E1C64328-A22C-4D53-A36C-8E866417BD8C): 0
LogDevObjectVersion:   Dev-Core (375EC13C-06E4-48FB-B500-84F0262A717E): 4
LogDevObjectVersion:   Dev-Editor (E4B068ED-F494-42E9-A231-DA0B2E46BB41): 40
LogDevObjectVersion:   Dev-Framework (CFFC743F-43B0-4480-9391-14DF171D2073): 37
LogDevObjectVersion:   Dev-Mobile (B02B49B5-BB20-44E9-A304-32B752E40360): 3
LogDevObjectVersion:   Dev-Networking (A4E4105C-59A1-49B5-A7C5-40C4547EDFEE): 0
LogDevObjectVersion:   Dev-Online (39C831C9-5AE6-47DC-9A44-9C173E1C8E7C): 0
LogDevObjectVersion:   Dev-Physics (78F01B33-EBEA-4F98-B9B4-84EACCB95AA2): 14
LogDevObjectVersion:   Dev-Platform (6631380F-2D4D-43E0-8009-CF276956A95A): 0
LogDevObjectVersion:   Dev-Rendering (12F88B9F-8875-4AFC-A67C-D90C383ABD29): 45
LogDevObjectVersion:   Dev-Sequencer (7B5AE74C-D270-4C10-A958-57980B212A5A): 13
LogDevObjectVersion:   Dev-VR (D7296918-1DD6-4BDD-9DE2-64A83CC13884): 3
LogDevObjectVersion:   Dev-LoadTimes (C2A15278-BFE7-4AFE-6C17-90FF531DF755): 1
LogDevObjectVersion:   Private-Geometry (6EACA3D4-40EC-4CC1-B786-8BED09428FC5): 3
LogDevObjectVersion:   Dev-AnimPhys (29E575DD-E0A3-4627-9D10-D276232CDCEA): 17
LogDevObjectVersion:   Dev-Anim (AF43A65D-7FD3-4947-9873-3E8ED9C1BB05): 15
LogDevObjectVersion:   Dev-ReflectionCapture (6B266CEC-1EC7-4B8F-A30B-E4D90942FC07): 1
LogDevObjectVersion:   Dev-Automation (0DF73D61-A23F-47EA-B727-89E90C41499A): 1
LogDevObjectVersion:   FortniteMain (601D1886-AC64-4F84-AA16-D3DE0DEAC7D6): 47
LogDevObjectVersion:   FortniteRelease (E7086368-6B23-4C58-8439-1B7016265E91): 1
LogDevObjectVersion:   Dev-Enterprise (9DFFBCD6-494F-0158-E221-12823C92A888): 10
LogDevObjectVersion:   Dev-Niagara (F2AED0AC-9AFE-416F-8664-AA7FFA26D6FC): 1
LogDevObjectVersion:   Dev-Destruction (174F1F0B-B4C6-45A5-B13F-2EE8D0FB917D): 10
LogDevObjectVersion:   Dev-Physics-Ext (35F94A83-E258-406C-A318-09F59610247C): 41
LogDevObjectVersion:   Dev-PhysicsMaterial-Chaos (B68FC16E-8B1B-42E2-B453-215C058844FE): 1
LogDevObjectVersion:   Dev-CineCamera (B2E18506-4273-CFC2-A54E-F4BB758BBA07): 1
LogDevObjectVersion:   Dev-VirtualProduction (64F58936-FD1B-42BA-BA96-7289D5D0FA4E): 1
LogDevObjectVersion:   Dev-MediaFramework (6F0ED827-A609-4895-9C91-998D90180EA4): 2
LogInit: Presizing for max 25165824 objects, including 0 objects not considered by GC, pre-allocating 0 bytes for permanent pool.
LogConfig: Applying CVar settings from Section [/Script/Engine.StreamingSettings] File [C:/REPOS/DevAddict-Unreal_Engine_4_Top_Down_Shooter/WavesShooter/Saved/Config/Windows/Engine.ini]
LogConfig: Setting CVar [[s.MinBulkDataSizeForAsyncLoading:131072]]
LogConfig: Setting CVar [[s.AsyncLoadingThreadEnabled:0]]
LogConfig: Setting CVar [[s.EventDrivenLoaderEnabled:1]]
LogConfig: Setting CVar [[s.WarnIfTimeLimitExceeded:0]]
LogConfig: Setting CVar [[s.TimeLimitExceededMultiplier:1.5]]
LogConfig: Setting CVar [[s.TimeLimitExceededMinTime:0.005]]
LogConfig: Setting CVar [[s.UseBackgroundLevelStreaming:1]]
LogConfig: Setting CVar [[s.PriorityAsyncLoadingExtraTime:15.0]]
LogConfig: Setting CVar [[s.LevelStreamingActorsUpdateTimeLimit:5.0]]
LogConfig: Setting CVar [[s.PriorityLevelStreamingActorsUpdateExtraTime:5.0]]
LogConfig: Setting CVar [[s.LevelStreamingComponentsRegistrationGranularity:10]]
LogConfig: Setting CVar [[s.UnregisterComponentsTimeLimit:1.0]]
LogConfig: Setting CVar [[s.LevelStreamingComponentsUnregistrationGranularity:5]]
LogConfig: Setting CVar [[s.FlushStreamingOnExit:1]]
LogInit: Object subsystem initialized
LogConfig: Setting CVar [[con.DebugEarlyDefault:1]]
LogConfig: Setting CVar [[r.setres:1280x720]]
[2021.09.25-10.29.26:797][  0]LogConfig: Setting CVar [[r.VSync:0]]
[2021.09.25-10.29.26:797][  0]LogConfig: Setting CVar [[r.RHICmdBypass:0]]
[2021.09.25-10.29.26:797][  0]LogConfig: Applying CVar settings from Section [/Script/Engine.RendererSettings] File [C:/REPOS/DevAddict-Unreal_Engine_4_Top_Down_Shooter/WavesShooter/Saved/Config/Windows/Engine.ini]
[2021.09.25-10.29.26:797][  0]LogConfig: Setting CVar [[r.GPUCrashDebugging:0]]
[2021.09.25-10.29.26:797][  0]LogConfig: Applying CVar settings from Section [/Script/Engine.RendererOverrideSettings] File [C:/REPOS/DevAddict-Unreal_Engine_4_Top_Down_Shooter/WavesShooter/Saved/Config/Windows/Engine.ini]
[2021.09.25-10.29.26:797][  0]LogConfig: Applying CVar settings from Section [/Script/Engine.StreamingSettings] File [C:/REPOS/DevAddict-Unreal_Engine_4_Top_Down_Shooter/WavesShooter/Saved/Config/Windows/Engine.ini]
[2021.09.25-10.29.26:797][  0]LogConfig: Setting CVar [[s.MinBulkDataSizeForAsyncLoading:131072]]
[2021.09.25-10.29.26:797][  0]LogConfig: Setting CVar [[s.AsyncLoadingThreadEnabled:0]]
[2021.09.25-10.29.26:797][  0]LogConfig: Setting CVar [[s.EventDrivenLoaderEnabled:1]]
[2021.09.25-10.29.26:797][  0]LogConfig: Setting CVar [[s.WarnIfTimeLimitExceeded:0]]
[2021.09.25-10.29.26:797][  0]LogConfig: Setting CVar [[s.TimeLimitExceededMultiplier:1.5]]
[2021.09.25-10.29.26:797][  0]LogConfig: Setting CVar [[s.TimeLimitExceededMinTime:0.005]]
[2021.09.25-10.29.26:797][  0]LogConfig: Setting CVar [[s.UseBackgroundLevelStreaming:1]]
[2021.09.25-10.29.26:797][  0]LogConfig: Setting CVar [[s.PriorityAsyncLoadingExtraTime:15.0]]
[2021.09.25-10.29.26:797][  0]LogConfig: Setting CVar [[s.LevelStreamingActorsUpdateTimeLimit:5.0]]
[2021.09.25-10.29.26:797][  0]LogConfig: Setting CVar [[s.PriorityLevelStreamingActorsUpdateExtraTime:5.0]]
[2021.09.25-10.29.26:797][  0]LogConfig: Setting CVar [[s.LevelStreamingComponentsRegistrationGranularity:10]]
[2021.09.25-10.29.26:797][  0]LogConfig: Setting CVar [[s.UnregisterComponentsTimeLimit:1.0]]
[2021.09.25-10.29.26:797][  0]LogConfig: Setting CVar [[s.LevelStreamingComponentsUnregistrationGranularity:5]]
[2021.09.25-10.29.26:797][  0]LogConfig: Setting CVar [[s.FlushStreamingOnExit:1]]
[2021.09.25-10.29.26:797][  0]LogConfig: Applying CVar settings from Section [/Script/Engine.GarbageCollectionSettings] File [C:/REPOS/DevAddict-Unreal_Engine_4_Top_Down_Shooter/WavesShooter/Saved/Config/Windows/Engine.ini]
[2021.09.25-10.29.26:797][  0]LogConfig: Setting CVar [[gc.MaxObjectsNotConsideredByGC:1]]
[2021.09.25-10.29.26:797][  0]LogConfig: Setting CVar [[gc.SizeOfPermanentObjectPool:0]]
[2021.09.25-10.29.26:797][  0]LogConfig: Setting CVar [[gc.FlushStreamingOnGC:0]]
[2021.09.25-10.29.26:797][  0]LogConfig: Setting CVar [[gc.NumRetriesBeforeForcingGC:10]]
[2021.09.25-10.29.26:797][  0]LogConfig: Setting CVar [[gc.AllowParallelGC:1]]
[2021.09.25-10.29.26:797][  0]LogConfig: Setting CVar [[gc.TimeBetweenPurgingPendingKillObjects:61.1]]
[2021.09.25-10.29.26:797][  0]LogConfig: Setting CVar [[gc.MaxObjectsInEditor:25165824]]
[2021.09.25-10.29.26:797][  0]LogConfig: Setting CVar [[gc.IncrementalBeginDestroyEnabled:1]]
[2021.09.25-10.29.26:797][  0]LogConfig: Setting CVar [[gc.CreateGCClusters:1]]
[2021.09.25-10.29.26:797][  0]LogConfig: Setting CVar [[gc.MinGCClusterSize:5]]
[2021.09.25-10.29.26:797][  0]LogConfig: Setting CVar [[gc.ActorClusteringEnabled:0]]
[2021.09.25-10.29.26:797][  0]LogConfig: Setting CVar [[gc.BlueprintClusteringEnabled:0]]
[2021.09.25-10.29.26:797][  0]LogConfig: Setting CVar [[gc.UseDisregardForGCOnDedicatedServers:0]]
[2021.09.25-10.29.26:797][  0]LogConfig: Setting CVar [[gc.MultithreadedDestructionEnabled:1]]
[2021.09.25-10.29.26:797][  0]LogConfig: Applying CVar settings from Section [/Script/Engine.NetworkSettings] File [C:/REPOS/DevAddict-Unreal_Engine_4_Top_Down_Shooter/WavesShooter/Saved/Config/Windows/Engine.ini]
[2021.09.25-10.29.26:797][  0]LogConfig: Applying CVar settings from Section [/Script/UnrealEd.CookerSettings] File [C:/REPOS/DevAddict-Unreal_Engine_4_Top_Down_Shooter/WavesShooter/Saved/Config/Windows/Engine.ini]
[2021.09.25-10.29.26:808][  0]LogConfig: Applying CVar settings from Section [ViewDistanceQuality@3] File [C:/REPOS/DevAddict-Unreal_Engine_4_Top_Down_Shooter/WavesShooter/Saved/Config/Windows/Scalability.ini]
[2021.09.25-10.29.26:808][  0]LogConfig: Setting CVar [[r.SkeletalMeshLODBias:0]]
[2021.09.25-10.29.26:808][  0]LogConfig: Setting CVar [[r.ViewDistanceScale:1.0]]
[2021.09.25-10.29.26:808][  0]LogConfig: Applying CVar settings from Section [AntiAliasingQuality@3] File [C:/REPOS/DevAddict-Unreal_Engine_4_Top_Down_Shooter/WavesShooter/Saved/Config/Windows/Scalability.ini]
[2021.09.25-10.29.26:808][  0]LogConfig: Setting CVar [[r.PostProcessAAQuality:4]]
[2021.09.25-10.29.26:808][  0]LogConfig: Applying CVar settings from Section [ShadowQuality@3] File [C:/REPOS/DevAddict-Unreal_Engine_4_Top_Down_Shooter/WavesShooter/Saved/Config/Windows/Scalability.ini]
[2021.09.25-10.29.26:808][  0]LogConfig: Setting CVar [[r.LightFunctionQuality:1]]
[2021.09.25-10.29.26:808][  0]LogConfig: Setting CVar [[r.ShadowQuality:5]]
[2021.09.25-10.29.26:808][  0]LogConfig: Setting CVar [[r.Shadow.CSM.MaxCascades:10]]
[2021.09.25-10.29.26:808][  0]LogConfig: Setting CVar [[r.Shadow.MaxResolution:2048]]
[2021.09.25-10.29.26:808][  0]LogConfig: Setting CVar [[r.Shadow.MaxCSMResolution:2048]]
[2021.09.25-10.29.26:809][  0]LogConfig: Setting CVar [[r.Shadow.RadiusThreshold:0.01]]
[2021.09.25-10.29.26:809][  0]LogConfig: Setting CVar [[r.Shadow.DistanceScale:1.0]]
[2021.09.25-10.29.26:809][  0]LogConfig: Setting CVar [[r.Shadow.CSM.TransitionScale:1.0]]
[2021.09.25-10.29.26:809][  0]LogConfig: Setting CVar [[r.Shadow.PreShadowResolutionFactor:1.0]]
[2021.09.25-10.29.26:809][  0]LogConfig: Setting CVar [[r.DistanceFieldShadowing:1]]
[2021.09.25-10.29.26:809][  0]LogConfig: Setting CVar [[r.DistanceFieldAO:1]]
[2021.09.25-10.29.26:809][  0]LogConfig: Setting CVar [[r.AOQuality:2]]
[2021.09.25-10.29.26:809][  0]LogConfig: Setting CVar [[r.VolumetricFog:1]]
[2021.09.25-10.29.26:809][  0]LogConfig: Setting CVar [[r.VolumetricFog.GridPixelSize:8]]
[2021.09.25-10.29.26:809][  0]LogConfig: Setting CVar [[r.VolumetricFog.GridSizeZ:128]]
[2021.09.25-10.29.26:809][  0]LogConfig: Setting CVar [[r.VolumetricFog.HistoryMissSupersampleCount:4]]
[2021.09.25-10.29.26:809][  0]LogConfig: Setting CVar [[r.LightMaxDrawDistanceScale:1]]
[2021.09.25-10.29.26:809][  0]LogConfig: Setting CVar [[r.CapsuleShadows:1]]
[2021.09.25-10.29.26:809][  0]LogConfig: Applying CVar settings from Section [PostProcessQuality@3] File [C:/REPOS/DevAddict-Unreal_Engine_4_Top_Down_Shooter/WavesShooter/Saved/Config/Windows/Scalability.ini]
[2021.09.25-10.29.26:809][  0]LogConfig: Setting CVar [[r.MotionBlurQuality:4]]
[2021.09.25-10.29.26:809][  0]LogConfig: Setting CVar [[r.AmbientOcclusionMipLevelFactor:0.4]]
[2021.09.25-10.29.26:809][  0]LogConfig: Setting CVar [[r.AmbientOcclusionMaxQuality:100]]
[2021.09.25-10.29.26:809][  0]LogConfig: Setting CVar [[r.AmbientOcclusionLevels:-1]]
[2021.09.25-10.29.26:809][  0]LogConfig: Setting CVar [[r.AmbientOcclusionRadiusScale:1.0]]
[2021.09.25-10.29.26:809][  0]LogConfig: Setting CVar [[r.DepthOfFieldQuality:2]]
[2021.09.25-10.29.26:809][  0]LogConfig: Setting CVar [[r.RenderTargetPoolMin:400]]
[2021.09.25-10.29.26:809][  0]LogConfig: Setting CVar [[r.LensFlareQuality:2]]
[2021.09.25-10.29.26:809][  0]LogConfig: Setting CVar [[r.SceneColorFringeQuality:1]]
[2021.09.25-10.29.26:809][  0]LogConfig: Setting CVar [[r.EyeAdaptationQuality:2]]
[2021.09.25-10.29.26:809][  0]LogConfig: Setting CVar [[r.BloomQuality:5]]
[2021.09.25-10.29.26:809][  0]LogConfig: Setting CVar [[r.FastBlurThreshold:100]]
[2021.09.25-10.29.26:809][  0]LogConfig: Setting CVar [[r.Upscale.Quality:3]]
[2021.09.25-10.29.26:809][  0]LogConfig: Setting CVar [[r.Tonemapper.GrainQuantization:1]]
[2021.09.25-10.29.26:809][  0]LogConfig: Setting CVar [[r.LightShaftQuality:1]]
[2021.09.25-10.29.26:809][  0]LogConfig: Setting CVar [[r.Filter.SizeScale:1]]
[2021.09.25-10.29.26:809][  0]LogConfig: Setting CVar [[r.Tonemapper.Quality:5]]
[2021.09.25-10.29.26:809][  0]LogConfig: Setting CVar [[r.DOF.Gather.AccumulatorQuality:1        ; higher gathering accumulator quality]]
[2021.09.25-10.29.26:809][  0]LogConfig: Setting CVar [[r.DOF.Gather.PostfilterMethod:1          ; Median3x3 postfilering method]]
[2021.09.25-10.29.26:809][  0]LogConfig: Setting CVar [[r.DOF.Gather.EnableBokehSettings:0       ; no bokeh simulation when gathering]]
[2021.09.25-10.29.26:809][  0]LogConfig: Setting CVar [[r.DOF.Gather.RingCount:4                 ; medium number of samples when gathering]]
[2021.09.25-10.29.26:809][  0]LogConfig: Setting CVar [[r.DOF.Scatter.ForegroundCompositing:1    ; additive foreground scattering]]
[2021.09.25-10.29.26:809][  0]LogConfig: Setting CVar [[r.DOF.Scatter.BackgroundCompositing:2    ; additive background scattering]]
[2021.09.25-10.29.26:809][  0]LogConfig: Setting CVar [[r.DOF.Scatter.EnableBokehSettings:1      ; bokeh simulation when scattering]]
[2021.09.25-10.29.26:809][  0]LogConfig: Setting CVar [[r.DOF.Scatter.MaxSpriteRatio:0.1         ; only a maximum of 10% of scattered bokeh]]
[2021.09.25-10.29.26:809][  0]LogConfig: Setting CVar [[r.DOF.Recombine.Quality:1                ; cheap slight out of focus]]
[2021.09.25-10.29.26:809][  0]LogConfig: Setting CVar [[r.DOF.Recombine.EnableBokehSettings:0    ; no bokeh simulation on slight out of focus]]
[2021.09.25-10.29.26:809][  0]LogConfig: Setting CVar [[r.DOF.TemporalAAQuality:1                ; more stable temporal accumulation]]
[2021.09.25-10.29.26:809][  0]LogConfig: Setting CVar [[r.DOF.Kernel.MaxForegroundRadius:0.025]]
[2021.09.25-10.29.26:809][  0]LogConfig: Setting CVar [[r.DOF.Kernel.MaxBackgroundRadius:0.025]]
[2021.09.25-10.29.26:809][  0]LogConfig: Applying CVar settings from Section [TextureQuality@3] File [C:/REPOS/DevAddict-Unreal_Engine_4_Top_Down_Shooter/WavesShooter/Saved/Config/Windows/Scalability.ini]
[2021.09.25-10.29.26:809][  0]LogConfig: Setting CVar [[r.Streaming.MipBias:0]]
[2021.09.25-10.29.26:809][  0]LogConfig: Setting CVar [[r.Streaming.AmortizeCPUToGPUCopy:0]]
[2021.09.25-10.29.26:809][  0]LogConfig: Setting CVar [[r.Streaming.MaxNumTexturesToStreamPerFrame:0]]
[2021.09.25-10.29.26:809][  0]LogConfig: Setting CVar [[r.Streaming.Boost:1]]
[2021.09.25-10.29.26:809][  0]LogConfig: Setting CVar [[r.MaxAnisotropy:8]]
[2021.09.25-10.29.26:809][  0]LogConfig: Setting CVar [[r.VT.MaxAnisotropy:8]]
[2021.09.25-10.29.26:809][  0]LogConfig: Setting CVar [[r.Streaming.LimitPoolSizeToVRAM:0]]
[2021.09.25-10.29.26:809][  0]LogConfig: Setting CVar [[r.Streaming.PoolSize:1000]]
[2021.09.25-10.29.26:809][  0]LogConfig: Setting CVar [[r.Streaming.MaxEffectiveScreenSize:0]]
[2021.09.25-10.29.26:809][  0]LogConfig: Applying CVar settings from Section [EffectsQuality@3] File [C:/REPOS/DevAddict-Unreal_Engine_4_Top_Down_Shooter/WavesShooter/Saved/Config/Windows/Scalability.ini]
[2021.09.25-10.29.26:809][  0]LogConfig: Setting CVar [[r.TranslucencyLightingVolumeDim:64]]
[2021.09.25-10.29.26:809][  0]LogConfig: Setting CVar [[r.RefractionQuality:2]]
[2021.09.25-10.29.26:809][  0]LogConfig: Setting CVar [[r.SSR.Quality:3]]
[2021.09.25-10.29.26:809][  0]LogConfig: Setting CVar [[r.SSR.HalfResSceneColor:0]]
[2021.09.25-10.29.26:809][  0]LogConfig: Setting CVar [[r.SceneColorFormat:4]]
[2021.09.25-10.29.26:809][  0]LogConfig: Setting CVar [[r.DetailMode:2]]
[2021.09.25-10.29.26:809][  0]LogConfig: Setting CVar [[r.TranslucencyVolumeBlur:1]]
[2021.09.25-10.29.26:809][  0]LogConfig: Setting CVar [[r.MaterialQualityLevel:1 ; High quality]]
[2021.09.25-10.29.26:809][  0]LogConfig: Setting CVar [[r.AnisotropicMaterials:1]]
[2021.09.25-10.29.26:809][  0]LogConfig: Setting CVar [[r.SSS.Scale:1]]
[2021.09.25-10.29.26:809][  0]LogConfig: Setting CVar [[r.SSS.SampleSet:2]]
[2021.09.25-10.29.26:809][  0]LogConfig: Setting CVar [[r.SSS.Quality:1]]
[2021.09.25-10.29.26:809][  0]LogConfig: Setting CVar [[r.SSS.HalfRes:0]]
[2021.09.25-10.29.26:809][  0]LogConfig: Setting CVar [[r.SSGI.Quality:3]]
[2021.09.25-10.29.26:809][  0]LogConfig: Setting CVar [[r.EmitterSpawnRateScale:1.0]]
[2021.09.25-10.29.26:809][  0]LogConfig: Setting CVar [[r.ParticleLightQuality:2]]
[2021.09.25-10.29.26:809][  0]LogConfig: Setting CVar [[r.SkyAtmosphere.AerialPerspectiveLUT.FastApplyOnOpaque:1 ; Always have FastSkyLUT 1 in this case to avoid wrong sky]]
[2021.09.25-10.29.26:809][  0]LogConfig: Setting CVar [[r.SkyAtmosphere.AerialPerspectiveLUT.SampleCountMaxPerSlice:4]]
[2021.09.25-10.29.26:809][  0]LogConfig: Setting CVar [[r.SkyAtmosphere.AerialPerspectiveLUT.DepthResolution:16.0]]
[2021.09.25-10.29.26:809][  0]LogConfig: Setting CVar [[r.SkyAtmosphere.FastSkyLUT:1]]
[2021.09.25-10.29.26:809][  0]LogConfig: Setting CVar [[r.SkyAtmosphere.FastSkyLUT.SampleCountMin:4.0]]
[2021.09.25-10.29.26:809][  0]LogConfig: Setting CVar [[r.SkyAtmosphere.FastSkyLUT.SampleCountMax:128.0]]
[2021.09.25-10.29.26:809][  0]LogConfig: Setting CVar [[r.SkyAtmosphere.SampleCountMin:4.0]]
[2021.09.25-10.29.26:809][  0]LogConfig: Setting CVar [[r.SkyAtmosphere.SampleCountMax:128.0]]
[2021.09.25-10.29.26:809][  0]LogConfig: Setting CVar [[r.SkyAtmosphere.TransmittanceLUT.UseSmallFormat:0]]
[2021.09.25-10.29.26:809][  0]LogConfig: Setting CVar [[r.SkyAtmosphere.TransmittanceLUT.SampleCount:10.0]]
[2021.09.25-10.29.26:809][  0]LogConfig: Setting CVar [[r.SkyAtmosphere.MultiScatteringLUT.SampleCount:15.0]]
[2021.09.25-10.29.26:809][  0]LogConfig: Setting CVar [[r.SkyLight.RealTimeReflectionCapture:1]]
[2021.09.25-10.29.26:809][  0]LogConfig: Applying CVar settings from Section [FoliageQuality@3] File [C:/REPOS/DevAddict-Unreal_Engine_4_Top_Down_Shooter/WavesShooter/Saved/Config/Windows/Scalability.ini]
[2021.09.25-10.29.26:809][  0]LogConfig: Setting CVar [[foliage.DensityScale:1.0]]
[2021.09.25-10.29.26:809][  0]LogConfig: Setting CVar [[grass.DensityScale:1.0]]
[2021.09.25-10.29.26:809][  0]LogConfig: Applying CVar settings from Section [ShadingQuality@3] File [C:/REPOS/DevAddict-Unreal_Engine_4_Top_Down_Shooter/WavesShooter/Saved/Config/Windows/Scalability.ini]
[2021.09.25-10.29.26:809][  0]LogConfig: Setting CVar [[r.HairStrands.SkyLighting.IntegrationType:2]]
[2021.09.25-10.29.26:809][  0]LogConfig: Setting CVar [[r.HairStrands.SkyAO.SampleCount:4]]
[2021.09.25-10.29.26:809][  0]LogConfig: Setting CVar [[r.HairStrands.Visibility.MSAA.SamplePerPixel:4]]
[2021.09.25-10.29.26:809][  0]LogInit: Selected Device Profile: [Windows]
[2021.09.25-10.29.26:809][  0]LogInit: Applying CVar settings loaded from the selected device profile: [Windows]
[2021.09.25-10.29.26:809][  0]LogHAL: Display: Platform has ~ 16 GB [17009758208 / 17179869184 / 16], which maps to Larger [LargestMinGB=32, LargerMinGB=12, DefaultMinGB=8, SmallerMinGB=6, SmallestMinGB=0)
[2021.09.25-10.29.26:809][  0]LogInit: Going up to parent DeviceProfile []
[2021.09.25-10.29.26:809][  0]LogConfig: Applying CVar settings from Section [ViewDistanceQuality@3] File [C:/REPOS/DevAddict-Unreal_Engine_4_Top_Down_Shooter/WavesShooter/Saved/Config/Windows/Scalability.ini]
[2021.09.25-10.29.26:809][  0]LogConfig: Setting CVar [[r.SkeletalMeshLODBias:0]]
[2021.09.25-10.29.26:810][  0]LogConfig: Setting CVar [[r.ViewDistanceScale:1.0]]
[2021.09.25-10.29.26:810][  0]LogConfig: Applying CVar settings from Section [AntiAliasingQuality@3] File [C:/REPOS/DevAddict-Unreal_Engine_4_Top_Down_Shooter/WavesShooter/Saved/Config/Windows/Scalability.ini]
[2021.09.25-10.29.26:810][  0]LogConfig: Setting CVar [[r.PostProcessAAQuality:4]]
[2021.09.25-10.29.26:810][  0]LogConfig: Applying CVar settings from Section [ShadowQuality@3] File [C:/REPOS/DevAddict-Unreal_Engine_4_Top_Down_Shooter/WavesShooter/Saved/Config/Windows/Scalability.ini]
[2021.09.25-10.29.26:810][  0]LogConfig: Setting CVar [[r.LightFunctionQuality:1]]
[2021.09.25-10.29.26:810][  0]LogConfig: Setting CVar [[r.ShadowQuality:5]]
[2021.09.25-10.29.26:810][  0]LogConfig: Setting CVar [[r.Shadow.CSM.MaxCascades:10]]
[2021.09.25-10.29.26:810][  0]LogConfig: Setting CVar [[r.Shadow.MaxResolution:2048]]
[2021.09.25-10.29.26:810][  0]LogConfig: Setting CVar [[r.Shadow.MaxCSMResolution:2048]]
[2021.09.25-10.29.26:810][  0]LogConfig: Setting CVar [[r.Shadow.RadiusThreshold:0.01]]
[2021.09.25-10.29.26:810][  0]LogConfig: Setting CVar [[r.Shadow.DistanceScale:1.0]]
[2021.09.25-10.29.26:810][  0]LogConfig: Setting CVar [[r.Shadow.CSM.TransitionScale:1.0]]
[2021.09.25-10.29.26:810][  0]LogConfig: Setting CVar [[r.Shadow.PreShadowResolutionFactor:1.0]]
[2021.09.25-10.29.26:810][  0]LogConfig: Setting CVar [[r.DistanceFieldShadowing:1]]
[2021.09.25-10.29.26:810][  0]LogConfig: Setting CVar [[r.DistanceFieldAO:1]]
[2021.09.25-10.29.26:810][  0]LogConfig: Setting CVar [[r.AOQuality:2]]
[2021.09.25-10.29.26:810][  0]LogConfig: Setting CVar [[r.VolumetricFog:1]]
[2021.09.25-10.29.26:810][  0]LogConfig: Setting CVar [[r.VolumetricFog.GridPixelSize:8]]
[2021.09.25-10.29.26:810][  0]LogConfig: Setting CVar [[r.VolumetricFog.GridSizeZ:128]]
[2021.09.25-10.29.26:810][  0]LogConfig: Setting CVar [[r.VolumetricFog.HistoryMissSupersampleCount:4]]
[2021.09.25-10.29.26:810][  0]LogConfig: Setting CVar [[r.LightMaxDrawDistanceScale:1]]
[2021.09.25-10.29.26:810][  0]LogConfig: Setting CVar [[r.CapsuleShadows:1]]
[2021.09.25-10.29.26:810][  0]LogConfig: Applying CVar settings from Section [PostProcessQuality@3] File [C:/REPOS/DevAddict-Unreal_Engine_4_Top_Down_Shooter/WavesShooter/Saved/Config/Windows/Scalability.ini]
[2021.09.25-10.29.26:810][  0]LogConfig: Setting CVar [[r.MotionBlurQuality:4]]
[2021.09.25-10.29.26:810][  0]LogConfig: Setting CVar [[r.AmbientOcclusionMipLevelFactor:0.4]]
[2021.09.25-10.29.26:810][  0]LogConfig: Setting CVar [[r.AmbientOcclusionMaxQuality:100]]
[2021.09.25-10.29.26:810][  0]LogConfig: Setting CVar [[r.AmbientOcclusionLevels:-1]]
[2021.09.25-10.29.26:810][  0]LogConfig: Setting CVar [[r.AmbientOcclusionRadiusScale:1.0]]
[2021.09.25-10.29.26:810][  0]LogConfig: Setting CVar [[r.DepthOfFieldQuality:2]]
[2021.09.25-10.29.26:810][  0]LogConfig: Setting CVar [[r.RenderTargetPoolMin:400]]
[2021.09.25-10.29.26:810][  0]LogConfig: Setting CVar [[r.LensFlareQuality:2]]
[2021.09.25-10.29.26:810][  0]LogConfig: Setting CVar [[r.SceneColorFringeQuality:1]]
[2021.09.25-10.29.26:810][  0]LogConfig: Setting CVar [[r.EyeAdaptationQuality:2]]
[2021.09.25-10.29.26:810][  0]LogConfig: Setting CVar [[r.BloomQuality:5]]
[2021.09.25-10.29.26:810][  0]LogConfig: Setting CVar [[r.FastBlurThreshold:100]]
[2021.09.25-10.29.26:810][  0]LogConfig: Setting CVar [[r.Upscale.Quality:3]]
[2021.09.25-10.29.26:810][  0]LogConfig: Setting CVar [[r.Tonemapper.GrainQuantization:1]]
[2021.09.25-10.29.26:810][  0]LogConfig: Setting CVar [[r.LightShaftQuality:1]]
[2021.09.25-10.29.26:810][  0]LogConfig: Setting CVar [[r.Filter.SizeScale:1]]
[2021.09.25-10.29.26:810][  0]LogConfig: Setting CVar [[r.Tonemapper.Quality:5]]
[2021.09.25-10.29.26:810][  0]LogConfig: Setting CVar [[r.DOF.Gather.AccumulatorQuality:1        ; higher gathering accumulator quality]]
[2021.09.25-10.29.26:810][  0]LogConfig: Setting CVar [[r.DOF.Gather.PostfilterMethod:1          ; Median3x3 postfilering method]]
[2021.09.25-10.29.26:810][  0]LogConfig: Setting CVar [[r.DOF.Gather.EnableBokehSettings:0       ; no bokeh simulation when gathering]]
[2021.09.25-10.29.26:810][  0]LogConfig: Setting CVar [[r.DOF.Gather.RingCount:4                 ; medium number of samples when gathering]]
[2021.09.25-10.29.26:810][  0]LogConfig: Setting CVar [[r.DOF.Scatter.ForegroundCompositing:1    ; additive foreground scattering]]
[2021.09.25-10.29.26:810][  0]LogConfig: Setting CVar [[r.DOF.Scatter.BackgroundCompositing:2    ; additive background scattering]]
[2021.09.25-10.29.26:810][  0]LogConfig: Setting CVar [[r.DOF.Scatter.EnableBokehSettings:1      ; bokeh simulation when scattering]]
[2021.09.25-10.29.26:810][  0]LogConfig: Setting CVar [[r.DOF.Scatter.MaxSpriteRatio:0.1         ; only a maximum of 10% of scattered bokeh]]
[2021.09.25-10.29.26:810][  0]LogConfig: Setting CVar [[r.DOF.Recombine.Quality:1                ; cheap slight out of focus]]
[2021.09.25-10.29.26:810][  0]LogConfig: Setting CVar [[r.DOF.Recombine.EnableBokehSettings:0    ; no bokeh simulation on slight out of focus]]
[2021.09.25-10.29.26:810][  0]LogConfig: Setting CVar [[r.DOF.TemporalAAQuality:1                ; more stable temporal accumulation]]
[2021.09.25-10.29.26:810][  0]LogConfig: Setting CVar [[r.DOF.Kernel.MaxForegroundRadius:0.025]]
[2021.09.25-10.29.26:810][  0]LogConfig: Setting CVar [[r.DOF.Kernel.MaxBackgroundRadius:0.025]]
[2021.09.25-10.29.26:810][  0]LogConfig: Applying CVar settings from Section [TextureQuality@3] File [C:/REPOS/DevAddict-Unreal_Engine_4_Top_Down_Shooter/WavesShooter/Saved/Config/Windows/Scalability.ini]
[2021.09.25-10.29.26:810][  0]LogConfig: Setting CVar [[r.Streaming.MipBias:0]]
[2021.09.25-10.29.26:810][  0]LogConfig: Setting CVar [[r.Streaming.AmortizeCPUToGPUCopy:0]]
[2021.09.25-10.29.26:810][  0]LogConfig: Setting CVar [[r.Streaming.MaxNumTexturesToStreamPerFrame:0]]
[2021.09.25-10.29.26:810][  0]LogConfig: Setting CVar [[r.Streaming.Boost:1]]
[2021.09.25-10.29.26:810][  0]LogConfig: Setting CVar [[r.MaxAnisotropy:8]]
[2021.09.25-10.29.26:810][  0]LogConfig: Setting CVar [[r.VT.MaxAnisotropy:8]]
[2021.09.25-10.29.26:810][  0]LogConfig: Setting CVar [[r.Streaming.LimitPoolSizeToVRAM:0]]
[2021.09.25-10.29.26:810][  0]LogConfig: Setting CVar [[r.Streaming.PoolSize:1000]]
[2021.09.25-10.29.26:810][  0]LogConfig: Setting CVar [[r.Streaming.MaxEffectiveScreenSize:0]]
[2021.09.25-10.29.26:810][  0]LogConfig: Applying CVar settings from Section [EffectsQuality@3] File [C:/REPOS/DevAddict-Unreal_Engine_4_Top_Down_Shooter/WavesShooter/Saved/Config/Windows/Scalability.ini]
[2021.09.25-10.29.26:810][  0]LogConfig: Setting CVar [[r.TranslucencyLightingVolumeDim:64]]
[2021.09.25-10.29.26:810][  0]LogConfig: Setting CVar [[r.RefractionQuality:2]]
[2021.09.25-10.29.26:810][  0]LogConfig: Setting CVar [[r.SSR.Quality:3]]
[2021.09.25-10.29.26:810][  0]LogConfig: Setting CVar [[r.SSR.HalfResSceneColor:0]]
[2021.09.25-10.29.26:810][  0]LogConfig: Setting CVar [[r.SceneColorFormat:4]]
[2021.09.25-10.29.26:810][  0]LogConfig: Setting CVar [[r.DetailMode:2]]
[2021.09.25-10.29.26:810][  0]LogConfig: Setting CVar [[r.TranslucencyVolumeBlur:1]]
[2021.09.25-10.29.26:810][  0]LogConfig: Setting CVar [[r.MaterialQualityLevel:1 ; High quality]]
[2021.09.25-10.29.26:810][  0]LogConfig: Setting CVar [[r.AnisotropicMaterials:1]]
[2021.09.25-10.29.26:810][  0]LogConfig: Setting CVar [[r.SSS.Scale:1]]
[2021.09.25-10.29.26:810][  0]LogConfig: Setting CVar [[r.SSS.SampleSet:2]]
[2021.09.25-10.29.26:810][  0]LogConfig: Setting CVar [[r.SSS.Quality:1]]
[2021.09.25-10.29.26:810][  0]LogConfig: Setting CVar [[r.SSS.HalfRes:0]]
[2021.09.25-10.29.26:810][  0]LogConfig: Setting CVar [[r.SSGI.Quality:3]]
[2021.09.25-10.29.26:810][  0]LogConfig: Setting CVar [[r.EmitterSpawnRateScale:1.0]]
[2021.09.25-10.29.26:810][  0]LogConfig: Setting CVar [[r.ParticleLightQuality:2]]
[2021.09.25-10.29.26:810][  0]LogConfig: Setting CVar [[r.SkyAtmosphere.AerialPerspectiveLUT.FastApplyOnOpaque:1 ; Always have FastSkyLUT 1 in this case to avoid wrong sky]]
[2021.09.25-10.29.26:810][  0]LogConfig: Setting CVar [[r.SkyAtmosphere.AerialPerspectiveLUT.SampleCountMaxPerSlice:4]]
[2021.09.25-10.29.26:810][  0]LogConfig: Setting CVar [[r.SkyAtmosphere.AerialPerspectiveLUT.DepthResolution:16.0]]
[2021.09.25-10.29.26:810][  0]LogConfig: Setting CVar [[r.SkyAtmosphere.FastSkyLUT:1]]
[2021.09.25-10.29.26:810][  0]LogConfig: Setting CVar [[r.SkyAtmosphere.FastSkyLUT.SampleCountMin:4.0]]
[2021.09.25-10.29.26:810][  0]LogConfig: Setting CVar [[r.SkyAtmosphere.FastSkyLUT.SampleCountMax:128.0]]
[2021.09.25-10.29.26:810][  0]LogConfig: Setting CVar [[r.SkyAtmosphere.SampleCountMin:4.0]]
[2021.09.25-10.29.26:810][  0]LogConfig: Setting CVar [[r.SkyAtmosphere.SampleCountMax:128.0]]
[2021.09.25-10.29.26:810][  0]LogConfig: Setting CVar [[r.SkyAtmosphere.TransmittanceLUT.UseSmallFormat:0]]
[2021.09.25-10.29.26:810][  0]LogConfig: Setting CVar [[r.SkyAtmosphere.TransmittanceLUT.SampleCount:10.0]]
[2021.09.25-10.29.26:810][  0]LogConfig: Setting CVar [[r.SkyAtmosphere.MultiScatteringLUT.SampleCount:15.0]]
[2021.09.25-10.29.26:810][  0]LogConfig: Setting CVar [[r.SkyLight.RealTimeReflectionCapture:1]]
[2021.09.25-10.29.26:810][  0]LogConfig: Applying CVar settings from Section [FoliageQuality@3] File [C:/REPOS/DevAddict-Unreal_Engine_4_Top_Down_Shooter/WavesShooter/Saved/Config/Windows/Scalability.ini]
[2021.09.25-10.29.26:810][  0]LogConfig: Setting CVar [[foliage.DensityScale:1.0]]
[2021.09.25-10.29.26:810][  0]LogConfig: Setting CVar [[grass.DensityScale:1.0]]
[2021.09.25-10.29.26:810][  0]LogConfig: Applying CVar settings from Section [ShadingQuality@3] File [C:/REPOS/DevAddict-Unreal_Engine_4_Top_Down_Shooter/WavesShooter/Saved/Config/Windows/Scalability.ini]
[2021.09.25-10.29.26:810][  0]LogConfig: Setting CVar [[r.HairStrands.SkyLighting.IntegrationType:2]]
[2021.09.25-10.29.26:810][  0]LogConfig: Setting CVar [[r.HairStrands.SkyAO.SampleCount:4]]
[2021.09.25-10.29.26:810][  0]LogConfig: Setting CVar [[r.HairStrands.Visibility.MSAA.SamplePerPixel:4]]
[2021.09.25-10.29.26:810][  0]LogConfig: Applying CVar settings from Section [Startup] File [../../../Engine/Config/ConsoleVariables.ini]
[2021.09.25-10.29.26:811][  0]LogConfig: Setting CVar [[net.UseAdaptiveNetUpdateFrequency:0]]
[2021.09.25-10.29.26:811][  0]LogConfig: Setting CVar [[p.chaos.AllowCreatePhysxBodies:1]]
[2021.09.25-10.29.26:811][  0]LogConfig: Setting CVar [[fx.SkipVectorVMBackendOptimizations:1]]
[2021.09.25-10.29.26:811][  0]LogConfig: Applying CVar settings from Section [ConsoleVariables] File [C:/REPOS/DevAddict-Unreal_Engine_4_Top_Down_Shooter/WavesShooter/Saved/Config/Windows/Engine.ini]
[2021.09.25-10.29.26:811][  0]LogConfig: Applying CVar settings from Section [ConsoleVariables] File [C:/REPOS/DevAddict-Unreal_Engine_4_Top_Down_Shooter/WavesShooter/Saved/Config/Windows/Editor.ini]
[2021.09.25-10.29.26:811][  0]LogInit: Computer: DESKTOP-VJULLI5
[2021.09.25-10.29.26:811][  0]LogInit: User: BaumelMárton
[2021.09.25-10.29.26:811][  0]LogInit: CPU Page size=4096, Cores=4
[2021.09.25-10.29.26:811][  0]LogInit: High frequency timer resolution =10.000000 MHz
[2021.09.25-10.29.26:811][  0]LogMemory: Memory total: Physical=15.8GB (16GB approx)
[2021.09.25-10.29.26:811][  0]LogMemory: Platform Memory Stats for Windows
[2021.09.25-10.29.26:811][  0]LogMemory: Process Physical Memory: 142.40 MB used, 142.40 MB peak
[2021.09.25-10.29.26:811][  0]LogMemory: Process Virtual Memory: 126.56 MB used, 126.56 MB peak
[2021.09.25-10.29.26:811][  0]LogMemory: Physical Memory: 8277.96 MB used,  7943.80 MB free, 16221.77 MB total
[2021.09.25-10.29.26:811][  0]LogMemory: Virtual Memory: 134213800.00 MB used,  3926.14 MB free, 134217728.00 MB total
[2021.09.25-10.29.26:815][  0]LogWindows: WindowsPlatformFeatures enabled
[2021.09.25-10.29.26:843][  0]LogInit: Physics initialised using underlying interface: PhysX
[2021.09.25-10.29.26:844][  0]LogInit: Using OS detected language (hu-HU).
[2021.09.25-10.29.26:844][  0]LogInit: Using OS detected locale (hu-HU).
[2021.09.25-10.29.26:846][  0]LogTextLocalizationManager: No localization for 'hu-HU' exists, so 'en' will be used for the language.
[2021.09.25-10.29.27:004][  0]LogInit: Setting process to per monitor DPI aware
[2021.09.25-10.29.27:014][  0]LogWindowsTextInputMethodSystem: Display: IME system deactivated.
[2021.09.25-10.29.27:023][  0]LogSlate: New Slate User Created.  User Index 0, Is Virtual User: 0
[2021.09.25-10.29.27:024][  0]LogSlate: Slate User Registered.  User Index 0, Is Virtual User: 0
[2021.09.25-10.29.27:127][  0]LogD3D11RHI: Loaded GFSDK_Aftermath_Lib.x64.dll
[2021.09.25-10.29.27:129][  0]LogHMD: Failed to initialize OpenVR with code 110
[2021.09.25-10.29.27:129][  0]LogD3D11RHI: D3D11 min allowed feature level: 11_0
[2021.09.25-10.29.27:129][  0]LogD3D11RHI: D3D11 max allowed feature level: 11_0
[2021.09.25-10.29.27:129][  0]LogD3D11RHI: D3D11 adapters:
[2021.09.25-10.29.27:220][  0]LogD3D11RHI:    0. 'NVIDIA GeForce GTX 1650' (Feature Level 11_0)
[2021.09.25-10.29.27:220][  0]LogD3D11RHI:       3962/0/8110 MB DedicatedVideo/DedicatedSystem/SharedSystem, Outputs:1, VendorId:0x10de
[2021.09.25-10.29.27:235][  0]LogD3D11RHI:    1. 'Intel(R) UHD Graphics' (Feature Level 11_0)
[2021.09.25-10.29.27:236][  0]LogD3D11RHI:       128/0/8110 MB DedicatedVideo/DedicatedSystem/SharedSystem, Outputs:1, VendorId:0x8086
[2021.09.25-10.29.27:237][  0]LogD3D11RHI:    2. 'Microsoft Basic Render Driver' (Feature Level 11_0)
[2021.09.25-10.29.27:237][  0]LogD3D11RHI:       0/0/8110 MB DedicatedVideo/DedicatedSystem/SharedSystem, Outputs:0, VendorId:0x1414
[2021.09.25-10.29.27:237][  0]LogD3D11RHI: Chosen D3D11 Adapter: 0
[2021.09.25-10.29.27:241][  0]LogD3D11RHI: Creating new Direct3DDevice
[2021.09.25-10.29.27:241][  0]LogD3D11RHI:     GPU DeviceId: 0x1f99 (for the marketing name, search the web for "GPU Device Id")
[2021.09.25-10.29.27:241][  0]LogWindows: EnumDisplayDevices:
[2021.09.25-10.29.27:241][  0]LogWindows:    0. 'Intel(R) UHD Graphics' (P:0 D:1)
[2021.09.25-10.29.27:242][  0]LogWindows:    1. 'Intel(R) UHD Graphics' (P:0 D:0)
[2021.09.25-10.29.27:242][  0]LogWindows:    2. 'Intel(R) UHD Graphics' (P:0 D:0)
[2021.09.25-10.29.27:242][  0]LogWindows:    3. 'NVIDIA GeForce GTX 1650' (P:1 D:1)
[2021.09.25-10.29.27:242][  0]LogWindows:    4. 'NVIDIA GeForce GTX 1650' (P:0 D:0)
[2021.09.25-10.29.27:242][  0]LogWindows:    5. 'NVIDIA GeForce GTX 1650' (P:0 D:0)
[2021.09.25-10.29.27:242][  0]LogWindows:    6. 'NVIDIA GeForce GTX 1650' (P:0 D:0)
[2021.09.25-10.29.27:242][  0]LogWindows: DebugString: PrimaryIsNotTheChoosenAdapter PrimaryIsNotTheChoosenAdapter PrimaryIsNotTheChoosenAdapter FoundDriverCount:4 
[2021.09.25-10.29.27:242][  0]LogD3D11RHI:     Adapter Name: NVIDIA GeForce GTX 1650
[2021.09.25-10.29.27:242][  0]LogD3D11RHI:   Driver Version: 471.68 (internal:30.0.14.7168, unified:471.68)
[2021.09.25-10.29.27:242][  0]LogD3D11RHI:      Driver Date: 8-5-2021
[2021.09.25-10.29.27:242][  0]LogRHI: Texture pool is 2773 MB (70% of 3962 MB)
[2021.09.25-10.29.27:314][  0]LogD3D11RHI: RHI has support for 64 bit atomics
[2021.09.25-10.29.27:314][  0]LogD3D11RHI: Async texture creation enabled
[2021.09.25-10.29.27:314][  0]LogD3D11RHI: Array index from any shader is supported
[2021.09.25-10.29.27:316][  0]LogD3D11RHI: HDR output is supported on display 0 (NvId: 0x80061083).
[2021.09.25-10.29.27:343][  0]LogD3D11RHI: GPU Timing Frequency: 1000.000000 (Debug: 2 2)
[2021.09.25-10.29.27:371][  0]LogRHI: GeForceNow SDK initialized: 1
[2021.09.25-10.29.27:622][  0]LogTargetPlatformManager: Display: Loaded TargetPlatform 'AllDesktop'
[2021.09.25-10.29.27:640][  0]LogTargetPlatformManager: Display: Loaded TargetPlatform 'Android'
[2021.09.25-10.29.27:640][  0]LogTargetPlatformManager: Display: Loaded TargetPlatform 'Android_ASTC'
[2021.09.25-10.29.27:640][  0]LogTargetPlatformManager: Display: Loaded TargetPlatform 'Android_DXT'
[2021.09.25-10.29.27:640][  0]LogTargetPlatformManager: Display: Loaded TargetPlatform 'Android_ETC2'
[2021.09.25-10.29.27:640][  0]LogTargetPlatformManager: Display: Loaded TargetPlatform 'AndroidClient'
[2021.09.25-10.29.27:640][  0]LogTargetPlatformManager: Display: Loaded TargetPlatform 'Android_ASTCClient'
[2021.09.25-10.29.27:640][  0]LogTargetPlatformManager: Display: Loaded TargetPlatform 'Android_DXTClient'
[2021.09.25-10.29.27:640][  0]LogTargetPlatformManager: Display: Loaded TargetPlatform 'Android_ETC2Client'
[2021.09.25-10.29.27:640][  0]LogTargetPlatformManager: Display: Loaded TargetPlatform 'Android_Multi'
[2021.09.25-10.29.27:640][  0]LogTargetPlatformManager: Display: Loaded TargetPlatform 'Android_MultiClient'
[2021.09.25-10.29.27:655][  0]LogTargetPlatformManager: Display: Loaded TargetPlatform 'IOSClient'
[2021.09.25-10.29.27:655][  0]LogTargetPlatformManager: Display: Loaded TargetPlatform 'IOS'
[2021.09.25-10.29.27:663][  0]LogTargetPlatformManager: Display: Loaded TargetPlatform 'Linux'
[2021.09.25-10.29.27:667][  0]LogTargetPlatformManager: Display: Loaded TargetPlatform 'LinuxNoEditor'
[2021.09.25-10.29.27:670][  0]LogTargetPlatformManager: Display: Loaded TargetPlatform 'LinuxClient'
[2021.09.25-10.29.27:673][  0]LogTargetPlatformManager: Display: Loaded TargetPlatform 'LinuxServer'
[2021.09.25-10.29.27:682][  0]LogTargetPlatformManager: Display: Loaded TargetPlatform 'LinuxAArch64NoEditor'
[2021.09.25-10.29.27:685][  0]LogTargetPlatformManager: Display: Loaded TargetPlatform 'LinuxAArch64Client'
[2021.09.25-10.29.27:688][  0]LogTargetPlatformManager: Display: Loaded TargetPlatform 'LinuxAArch64Server'
[2021.09.25-10.29.27:712][  0]LogTargetPlatformManager: Display: Loaded TargetPlatform 'Lumin'
[2021.09.25-10.29.27:712][  0]LogTargetPlatformManager: Display: Loaded TargetPlatform 'LuminClient'
[2021.09.25-10.29.27:719][  0]LogTargetPlatformManager: Display: Loaded TargetPlatform 'MacNoEditor'
[2021.09.25-10.29.27:722][  0]LogTargetPlatformManager: Display: Loaded TargetPlatform 'Mac'
[2021.09.25-10.29.27:726][  0]LogTargetPlatformManager: Display: Loaded TargetPlatform 'MacClient'
[2021.09.25-10.29.27:729][  0]LogTargetPlatformManager: Display: Loaded TargetPlatform 'MacServer'
[2021.09.25-10.29.27:737][  0]LogTargetPlatformManager: Display: Loaded TargetPlatform 'TVOSClient'
[2021.09.25-10.29.27:737][  0]LogTargetPlatformManager: Display: Loaded TargetPlatform 'TVOS'
[2021.09.25-10.29.27:745][  0]LogTargetPlatformManager: Display: Loaded TargetPlatform 'WindowsNoEditor'
[2021.09.25-10.29.27:749][  0]LogTargetPlatformManager: Display: Loaded TargetPlatform 'Windows'
[2021.09.25-10.29.27:752][  0]LogTargetPlatformManager: Display: Loaded TargetPlatform 'WindowsClient'
[2021.09.25-10.29.27:755][  0]LogTargetPlatformManager: Display: Loaded TargetPlatform 'WindowsServer'
[2021.09.25-10.29.27:755][  0]LogTargetPlatformManager: Display: Building Assets For Windows
[2021.09.25-10.29.27:760][  0]LogAudioDebug: Display: Lib vorbis DLL was dynamically loaded.
[2021.09.25-10.29.27:784][  0]LogTextureFormatOodle: Display: Oodle Texture 2.9.0 init RDO Off
[2021.09.25-10.29.27:804][  0]LogRendererCore: Ray tracing is disabled. Reason: r.RayTracing=0.
[2021.09.25-10.29.27:805][  0]LogShaderCompilers: Guid format shader working directory is -26 characters bigger than the processId version (../../../../../../REPOS/DevAddict-Unreal_Engine_4_Top_Down_Shooter/WavesShooter/Intermediate/Shaders/WorkingDirectory/11632/).
[2021.09.25-10.29.27:805][  0]LogShaderCompilers: Cleaned the shader compiler working directory 'C:/Users/Baumel Márton/AppData/Local/Temp/UnrealShaderWorkingDir/26FA3A12470F48226CA219B761046368/'.
[2021.09.25-10.29.27:805][  0]LogXGEController: Cannot use XGE Controller as Incredibuild is not installed on this machine.
[2021.09.25-10.29.27:805][  0]LogShaderCompilers: Cannot use XGE Shader Compiler as Incredibuild is not installed on this machine.
[2021.09.25-10.29.27:805][  0]LogShaderCompilers: Display: Using Local Shader Compiler.
[2021.09.25-10.29.28:449][  0]LogDerivedDataCache: Display: Max Cache Size: 512 MB
[2021.09.25-10.29.28:497][  0]LogDerivedDataCache: Loaded boot cache 0.05s 95MB C:/Users/Baumel Márton/AppData/Local/UnrealEngine/4.27/DerivedDataCache/Boot.ddc.
[2021.09.25-10.29.28:497][  0]LogDerivedDataCache: Display: Loaded Boot cache: C:/Users/Baumel Márton/AppData/Local/UnrealEngine/4.27/DerivedDataCache/Boot.ddc
[2021.09.25-10.29.28:497][  0]LogDerivedDataCache: FDerivedDataBackendGraph:  Pak pak cache file ../../../../../../REPOS/DevAddict-Unreal_Engine_4_Top_Down_Shooter/WavesShooter/DerivedDataCache/DDC.ddp not found, will not use a pak cache.
[2021.09.25-10.29.28:497][  0]LogDerivedDataCache: Unable to find inner node Pak for hierarchical cache Hierarchy.
[2021.09.25-10.29.28:497][  0]LogDerivedDataCache: FDerivedDataBackendGraph:  CompressedPak pak cache file ../../../../../../REPOS/DevAddict-Unreal_Engine_4_Top_Down_Shooter/WavesShooter/DerivedDataCache/Compressed.ddp not found, will not use a pak cache.
[2021.09.25-10.29.28:497][  0]LogDerivedDataCache: Unable to find inner node CompressedPak for hierarchical cache Hierarchy.
[2021.09.25-10.29.28:511][  0]LogDerivedDataCache: Display: Pak cache opened for reading ../../../Engine/DerivedDataCache/Compressed.ddp.
[2021.09.25-10.29.28:511][  0]LogDerivedDataCache: FDerivedDataBackendGraph:  EnterprisePak pak cache file ../../../Enterprise/DerivedDataCache/Compressed.ddp not found, will not use a pak cache.
[2021.09.25-10.29.28:511][  0]LogDerivedDataCache: Unable to find inner node EnterprisePak for hierarchical cache Hierarchy.
[2021.09.25-10.29.28:518][  0]LogDerivedDataCache: Speed tests for C:/Users/Baumel Márton/AppData/Local/UnrealEngine/Common/DerivedDataCache took 0.01 seconds
[2021.09.25-10.29.28:518][  0]LogDerivedDataCache: Display: Performance to C:/Users/Baumel Márton/AppData/Local/UnrealEngine/Common/DerivedDataCache: Latency=0.03ms. RandomReadSpeed=361.63MBs, RandomWriteSpeed=246.19MBs. Assigned SpeedClass 'Local'
[2021.09.25-10.29.28:519][  0]LogDerivedDataCache: Using Local data cache path C:/Users/Baumel Márton/AppData/Local/UnrealEngine/Common/DerivedDataCache: Writable
[2021.09.25-10.29.28:519][  0]LogDerivedDataCache: Shared data cache path not found in *engine.ini, will not use an Shared cache.
[2021.09.25-10.29.28:519][  0]LogDerivedDataCache: Unable to find inner node Shared for hierarchical cache Hierarchy.
[2021.09.25-10.29.28:561][  0]LogSlate: Using FreeType 2.10.0
[2021.09.25-10.29.28:562][  0]LogSlate: SlateFontServices - WITH_FREETYPE: 1, WITH_HARFBUZZ: 1
[2021.09.25-10.29.28:583][  0]LogAssetRegistry: FAssetRegistry took 0.0023 seconds to start up
[2021.09.25-10.29.28:785][  0]LogInit: Selected Device Profile: [Windows]
[2021.09.25-10.29.28:785][  0]LogInit: Active device profile: [0000015C74C53F00][0000015C66C858C0 49] Windows
[2021.09.25-10.29.28:785][  0]LogInit: Profiles: [0000015C74C53F00][0000015C66C858C0 49] Windows, [0000015C74BFFF00][0000015C66CD5A40 49] WindowsNoEditor, [0000015C74C50200][0000015C66CE1BC0 49] WindowsServer, [0000015C74BFDF00][0000015C66CE81C0 49] WindowsClient, [0000015C74C52000][0000015C66CF4340 49] IOS, [0000015C74BFF700][0000015C645C84C0 49] iPadAir, [0000015C74C50800][0000015C645D4640 49] iPadAir2, [0000015C75908900][0000015C66D24900 49] IPadPro, [0000015C75908A00][0000015C66D10940 49] iPadAir3, [0000015C74C50600][0000015C74982AC0 49] iPadAir4, [0000015C75908700][0000015C66C88C00 49] iPadMini2, [0000015C74C50B00][0000015C7499AD40 49] iPadMini3, [0000015C75909600][0000015C7499EE80 49] iPadMini4, [0000015C74C52B00][0000015C749A2FC0 49] iPadMini5, [0000015C74BFE000][0000015C749BB280 49] iPhone6, [0000015C756EFF00][0000015C749AF2C0 49] iPodTouch6, [0000015C74BFFC00][0000015C749C3580 49] iPhone7, [0000015C74BFC500][0000015C749BF5C0 49] iPodTouch7, [0000015C756EC700][0000015C749C7740 49] iPhone5S, [0000015C74BFCC00][0000015C749CB8C0 49] iPhone6Plus, [0000015C756EF400][0000015C749D7A40 49] iPhone6S, [0000015C74BFEF00][0000015C75B11BC0 49] iPhone6SPlus, [0000015C756ECF00][0000015C748381C0 49] iPhone7Plus, [0000015C74BFDB00][0000015C7483C340 49] iPhoneSE, [0000015C756EEC00][0000015C7487A4C0 49] iPhone8, [0000015C74BFE800][0000015C7487E640 49] iPhone8Plus, [0000015C756ED600][0000015C748827C0 49] iPhoneX, [0000015C74BFC800][0000015C74910940 49] iPhoneXS, [0000015C756EE500][0000015C74914AC0 49] iPhoneXSMax, [0000015C74BFF900][0000015C74918C40 49] iPhoneXR, [0000015C756EDD00][0000015C749AAD80 49] iPhone11, [0000015C74BFE200][0000015C74948EC0 49] iPhone11Pro, [0000015C756EF500][0000015C749D3000 49] iPhone11ProMax, [0000015C74BFD400][0000015C749CF140 49] iPhoneSE2, [0000015C756ECC00][0000015C749512C0 49] iPhone12Mini, [0000015C74BFF100][0000015C74955440 49] iPhone12, [0000015C756EEF00][0000015C7480B5C0 49] iPhone12Pro, [0000015C74BFDC00][0000015C75C0B740 49] iPhone12ProMax, [0000015C756EE900][0000015C75C138C0 49] iPadPro105, [0000015C74BFED00][0000015C75C17A40 49] iPadPro129, [0000015C756ED700][0000015C75C1BBC0 49] iPadPro97, [0000015C74BFD600][0000015C75C221C0 49] iPadPro2_129, [0000015C756ECD00][0000015C75D40340 49] iPad5, [0000015C74BFD500][0000015C75D444C0 49] iPad6, [0000015C756EEB00][0000015C75D70640 49] iPad7, [0000015C74BFCA00][0000015C75D747C0 49] iPad8, [0000015C756EC600][0000015C75D78940 49] iPadPro11, [0000015C74BFF000][0000015C75D7CAC0 49] iPadPro2_11, [0000015C756ECE00][0000015C75D80C40 49] iPadPro3_129, [0000015C74BFCE00][0000015C75D84DC0 49] iPadPro4_129, [0000015C756ED800][0000015C75D88F40 49] AppleTV, [0000015C74BFD900][0000015C7494D080 49] AppleTV4K, [0000015C756EFE00][0000015C75D8D1C0 49] TVOS, [0000015C74BFDD00][0000015C75D91300 49] Mac, [0000015C756EED00][0000015C75D99480 49] MacClient, [0000015C74BFE900][0000015C75D9D600 49] MacNoEditor, [0000015C756ED300][0000015C75DA1780 49] MacServer, [0000015C74BFE100][0000015C75DA5900 49] Linux, [0000015C756EFA00][0000015C75DA9A80 49] LinuxAArch64, [0000015C74BFFA00][0000015C74909C00 49] LinuxNoEditor, [0000015C756EFC00][0000015C7490C200 49] LinuxAArch64NoEditor, [0000015C74BFEB00][0000015C7477E380 49] LinuxClient, [0000015C756EFB00][0000015C7478E500 49] LinuxAArch64Client, [0000015C74BFFE00][0000015C74792680 49] LinuxServer, [0000015C756EF600][0000015C74796800 49] LinuxAArch64Server, [0000015C74BFD200][0000015C7479A980 49] Android, [0000015C756EE600][0000015C74886B00 49] Android_Low, [0000015C74BFEC00][0000015C7488AC80 49] Android_Mid, [0000015C756EFD00][0000015C7488EE00 49] Android_High, [0000015C74BFC400][0000015C74892F80 49] Android_Default, [0000015C74D36D00][0000015C74897100 49] Android_Adreno4xx, [0000015C74C51E00][0000015C75D95240 49] Android_Adreno5xx_Low, [0000015C74D35200][0000015C7489B380 49] Android_Adreno5xx, [0000015C74C53500][0000015C763C54C0 49] Android_Adreno6xx, [0000015C74D34F00][0000015C763CD640 49] Android_Adreno6xx_Vulkan, [0000015C74C51100][0000015C763D17C0 49] Android_Mali_T6xx, [0000015C74D36800][0000015C763D5940 49] Android_Mali_T7xx, [0000015C74C52300][0000015C763DFAC0 49] Android_Mali_T8xx, [0000015C74D34E00][0000015C763E20C0 49] Android_Mali_G71, [0000015C74C53600][0000015C75BC6240 49] Android_Mali_G72, [0000015C74D35F00][0000015C75BCA3C0 49] Android_Mali_G72_Vulkan, [0000015C74C52C00][0000015C75BD4540 49] Android_Mali_G76, [0000015C74D35C00][0000015C75BD86C0 49] Android_Mali_G76_Vulkan, [0000015C74C51F00][0000015C76726840 49] Android_Mali_G77, [0000015C74D34800][0000015C7672A9C0 49] Android_Mali_G77_Vulkan, [0000015C74C51000][0000015C7672EB40 49] Android_Mali_G78, [0000015C74BFEE00][0000015C76732CC0 49] Android_Mali_G78_Vulkan, [0000015C74C53800][0000015C76736E40 49] Android_Mali_G710, [0000015C74D37000][0000015C75BDCFC0 49] Android_Mali_G710_Vulkan, [0000015C74C53100][0000015C75C1F140 49] Android_Vulkan_SM5, [0000015C74D36300][0000015C7673B2C0 49] Android_PowerVR_G6xxx, [0000015C756EDE00][0000015C763C9400 49] Android_PowerVR_GT7xxx, [0000015C74D36100][0000015C747CF540 49] Android_PowerVR_GE8xxx, [0000015C756EDC00][0000015C747D3680 49] Android_PowerVR_GM9xxx, [0000015C74D35100][0000015C747D77C0 49] Android_PowerVR_GM9xxx_Vulkan, [0000015C756ED200][0000015C747DF940 49] Android_TegraK1, [0000015C74D36C00][0000015C747E3AC0 49] Android_Unknown_Vulkan, [0000015C756EEA00][0000015C747E60C0 49] Lumin, [0000015C74D36400][0000015C747EA240 49] Lumin_Desktop, [0000015C756EEE00][0000015C749583C0 49] HoloLens, 
[2021.09.25-10.29.28:889][  0]LogMeshReduction: Using QuadricMeshReduction for automatic static mesh reduction
[2021.09.25-10.29.28:890][  0]LogMeshReduction: Using SimplygonMeshReduction for automatic skeletal mesh reduction
[2021.09.25-10.29.28:890][  0]LogMeshReduction: Using ProxyLODMeshReduction for automatic mesh merging
[2021.09.25-10.29.28:890][  0]LogMeshReduction: No distributed automatic mesh merging module available
[2021.09.25-10.29.28:890][  0]LogMeshMerging: No distributed automatic mesh merging module available
[2021.09.25-10.29.28:902][  0]LogNetVersion: WavesShooter 1.0.0, NetCL: 17155196, EngineNetVer: 17, GameNetVer: 0 (Checksum: 4102641962)
[2021.09.25-10.29.29:254][  0]LogTexture: Default maximum texture size for cubemaps generated from long-lat sources has been changed from 512 to unlimited. In order to preserve old behaiour for '/Engine/MapTemplates/Sky/DaylightAmbientCubemap.DaylightAmbientCubemap', its maximum texture size has been explicitly set to 512.
[2021.09.25-10.29.29:299][  0]LogHMD: PokeAHoleMaterial loaded successfully
[2021.09.25-10.29.29:304][  0]LogUObjectArray: 17178 objects as part of root set at end of initial load.
[2021.09.25-10.29.29:304][  0]LogUObjectAllocator: 4301856 out of 0 bytes used by permanent object pool.
[2021.09.25-10.29.29:304][  0]LogUObjectArray: CloseDisregardForGC: 0/0 objects in disregard for GC pool
[2021.09.25-10.29.29:566][  0]LogNiagaraDebuggerClient: Niagara Debugger Client Initialized | Session: 3AF99D714A558C8919199EB7ABEB5DC2 | Instance: F799E1A64A0327D6CE485098D23961C7 (DESKTOP-VJULLI5-11632).
[2021.09.25-10.29.29:581][  0]LogStreaming: Warning: Failed to read file '../../../Engine/Content/Editor/Slate/Niagara/MenuSeparator.png' error.
[2021.09.25-10.29.29:582][  0]LogSlate: Could not find file for Slate resource: ../../../Engine/Content/Editor/Slate/Niagara/MenuSeparator.png
[2021.09.25-10.29.29:582][  0]LogStreaming: Warning: Failed to read file '../../../Engine/Content/Editor/Slate/Niagara/Common/Selector.png' error.
[2021.09.25-10.29.29:582][  0]LogSlate: Could not find file for Slate resource: ../../../Engine/Content/Editor/Slate/Niagara/Common/Selector.png
[2021.09.25-10.29.29:582][  0]LogStreaming: Warning: Failed to read file '../../../Engine/Content/Editor/Slate/Niagara/Common/Selection.png' error.
[2021.09.25-10.29.29:582][  0]LogSlate: Could not find file for Slate resource: ../../../Engine/Content/Editor/Slate/Niagara/Common/Selection.png
[2021.09.25-10.29.29:582][  0]LogStreaming: Warning: Failed to read file '../../../Engine/Content/Editor/Slate/Niagara/Common/DropZoneIndicator_Above.png' error.
[2021.09.25-10.29.29:582][  0]LogSlate: Could not find file for Slate resource: ../../../Engine/Content/Editor/Slate/Niagara/Common/DropZoneIndicator_Above.png
[2021.09.25-10.29.29:582][  0]LogStreaming: Warning: Failed to read file '../../../Engine/Content/Editor/Slate/Niagara/Common/DropZoneIndicator_Onto.png' error.
[2021.09.25-10.29.29:582][  0]LogSlate: Could not find file for Slate resource: ../../../Engine/Content/Editor/Slate/Niagara/Common/DropZoneIndicator_Onto.png
[2021.09.25-10.29.29:582][  0]LogStreaming: Warning: Failed to read file '../../../Engine/Content/Editor/Slate/Niagara/Common/DropZoneIndicator_Below.png' error.
[2021.09.25-10.29.29:582][  0]LogSlate: Could not find file for Slate resource: ../../../Engine/Content/Editor/Slate/Niagara/Common/DropZoneIndicator_Below.png
[2021.09.25-10.29.29:582][  0]LogStreaming: Warning: Failed to read file '../../../Engine/Content/Editor/Slate/Niagara/Common/RoundedSelection_16x.png' error.
[2021.09.25-10.29.29:582][  0]LogSlate: Could not find file for Slate resource: ../../../Engine/Content/Editor/Slate/Niagara/Common/RoundedSelection_16x.png
[2021.09.25-10.29.29:582][  0]LogStreaming: Warning: Failed to read file '../../../Engine/Content/Editor/Slate/Niagara/Common/FlatButton.png' error.
[2021.09.25-10.29.29:582][  0]LogSlate: Could not find file for Slate resource: ../../../Engine/Content/Editor/Slate/Niagara/Common/FlatButton.png
[2021.09.25-10.29.29:582][  0]LogImageWrapper: Warning: PNG Warning: Duplicate iCCP chunk
[2021.09.25-10.29.29:582][  0]LogImageWrapper: Warning: PNG Warning: Duplicate iCCP chunk
[2021.09.25-10.29.29:597][  0]LogUdpMessaging: Initializing bridge on interface 0.0.0.0:0 to multicast group 230.0.0.1:6666.
[2021.09.25-10.29.29:602][  0]LogTcpMessaging: Initializing TcpMessaging bridge
[2021.09.25-10.29.29:612][  0]LogPython: Using Python 3.7.7
[2021.09.25-10.29.30:145][  0]SourceControl: Source control is disabled
[2021.09.25-10.29.30:145][  0]SourceControl: Source control is disabled
[2021.09.25-10.29.30:147][  0]SourceControl: Source control is disabled
[2021.09.25-10.29.30:149][  0]SourceControl: Source control is disabled
[2021.09.25-10.29.30:159][  0]SourceControl: Source control is disabled
[2021.09.25-10.29.30:161][  0]LogUProjectInfo: Found projects:
[2021.09.25-10.29.30:343][  0]LogOpenImageDenoise: OIDN starting up
[2021.09.25-10.29.30:352][  0]LogAndroidPermission: UAndroidPermissionCallbackProxy::GetInstance
[2021.09.25-10.29.30:369][  0]LogAudioCaptureCore: Display: No Audio Capture implementations found. Audio input will be silent.
[2021.09.25-10.29.30:369][  0]LogAudioCaptureCore: Display: No Audio Capture implementations found. Audio input will be silent.
[2021.09.25-10.29.30:458][  0]LogCollectionManager: Loaded 0 collections in 0.001252 seconds
[2021.09.25-10.29.30:476][  0]LogFileCache: Scanning file cache for directory 'C:/REPOS/DevAddict-Unreal_Engine_4_Top_Down_Shooter/WavesShooter/Saved/Collections/' took 0.00s
[2021.09.25-10.29.30:476][  0]LogFileCache: Scanning file cache for directory 'C:/REPOS/DevAddict-Unreal_Engine_4_Top_Down_Shooter/WavesShooter/Content/Developers/BaumelMárton/Collections/' took 0.00s
[2021.09.25-10.29.30:476][  0]LogFileCache: Scanning file cache for directory 'C:/REPOS/DevAddict-Unreal_Engine_4_Top_Down_Shooter/WavesShooter/Content/Collections/' took 0.00s
[2021.09.25-10.29.30:476][  0]LogOcInput: OculusInput pre-init called
[2021.09.25-10.29.30:656][  0]LogStreaming: Warning: Failed to read file '../../../Engine/Content/Editor/Slate/Niagara/MenuSeparator.png' error.
[2021.09.25-10.29.30:656][  0]LogSlate: Could not find file for Slate resource: ../../../Engine/Content/Editor/Slate/Niagara/MenuSeparator.png
[2021.09.25-10.29.30:656][  0]LogStreaming: Warning: Failed to read file '../../../Engine/Content/Editor/Slate/Niagara/Common/Selector.png' error.
[2021.09.25-10.29.30:656][  0]LogSlate: Could not find file for Slate resource: ../../../Engine/Content/Editor/Slate/Niagara/Common/Selector.png
[2021.09.25-10.29.30:656][  0]LogStreaming: Warning: Failed to read file '../../../Engine/Content/Editor/Slate/Niagara/Common/Selection.png' error.
[2021.09.25-10.29.30:656][  0]LogSlate: Could not find file for Slate resource: ../../../Engine/Content/Editor/Slate/Niagara/Common/Selection.png
[2021.09.25-10.29.30:656][  0]LogStreaming: Warning: Failed to read file '../../../Engine/Content/Editor/Slate/Niagara/Common/DropZoneIndicator_Above.png' error.
[2021.09.25-10.29.30:656][  0]LogSlate: Could not find file for Slate resource: ../../../Engine/Content/Editor/Slate/Niagara/Common/DropZoneIndicator_Above.png
[2021.09.25-10.29.30:656][  0]LogStreaming: Warning: Failed to read file '../../../Engine/Content/Editor/Slate/Niagara/Common/DropZoneIndicator_Onto.png' error.
[2021.09.25-10.29.30:656][  0]LogSlate: Could not find file for Slate resource: ../../../Engine/Content/Editor/Slate/Niagara/Common/DropZoneIndicator_Onto.png
[2021.09.25-10.29.30:656][  0]LogStreaming: Warning: Failed to read file '../../../Engine/Content/Editor/Slate/Niagara/Common/DropZoneIndicator_Below.png' error.
[2021.09.25-10.29.30:656][  0]LogSlate: Could not find file for Slate resource: ../../../Engine/Content/Editor/Slate/Niagara/Common/DropZoneIndicator_Below.png
[2021.09.25-10.29.30:656][  0]LogStreaming: Warning: Failed to read file '../../../Engine/Content/Editor/Slate/Niagara/Common/RoundedSelection_16x.png' error.
[2021.09.25-10.29.30:656][  0]LogSlate: Could not find file for Slate resource: ../../../Engine/Content/Editor/Slate/Niagara/Common/RoundedSelection_16x.png
[2021.09.25-10.29.30:656][  0]LogStreaming: Warning: Failed to read file '../../../Engine/Content/Editor/Slate/Niagara/Common/FlatButton.png' error.
[2021.09.25-10.29.30:656][  0]LogSlate: Could not find file for Slate resource: ../../../Engine/Content/Editor/Slate/Niagara/Common/FlatButton.png
[2021.09.25-10.29.30:656][  0]LogImageWrapper: Warning: PNG Warning: Duplicate iCCP chunk
[2021.09.25-10.29.30:656][  0]LogImageWrapper: Warning: PNG Warning: Duplicate iCCP chunk
[2021.09.25-10.29.30:656][  0]LogEngine: Initializing Engine...
[2021.09.25-10.29.30:659][  0]LogHMD: Failed to enumerate extensions. Please check that you have a valid OpenXR runtime installed.
[2021.09.25-10.29.30:660][  0]LogHMD: Failed to initialize OpenVR with code 110
[2021.09.25-10.29.30:660][  0]LogMagicLeap: Warning: VR disabled because ZI is not enabled.  To enable, in the editor, Edit -> Project Settings -> Plugins -> Magic Leap Plugin -> Enable Zero Iteration
[2021.09.25-10.29.30:661][  0]LogStats: UGameplayTagsManager::InitializeManager -  0.000 s
[2021.09.25-10.29.30:769][  0]LogInit: Initializing FReadOnlyCVARCache
[2021.09.25-10.29.30:779][  0]LogAIModule: Creating AISystem for world Untitled
[2021.09.25-10.29.30:779][  0]LogAudio: Display: Initializing Audio Device Manager...
[2021.09.25-10.29.30:781][  0]LogAudio: Display: Loading Default Audio Settings Objects...
[2021.09.25-10.29.30:782][  0]LogAudio: Display: No default SoundConcurrencyObject specified (or failed to load).
[2021.09.25-10.29.30:782][  0]LogAudio: Display: Audio Device Manager Initialized
[2021.09.25-10.29.30:782][  0]LogAudio: Display: Creating Audio Device:                 Id: 1, Scope: Shared, Realtime: True
[2021.09.25-10.29.30:782][  0]LogAudioMixer: Display: Audio Mixer Platform Settings:
[2021.09.25-10.29.30:782][  0]LogAudioMixer: Display: 	Sample Rate:						  48000
[2021.09.25-10.29.30:782][  0]LogAudioMixer: Display: 	Callback Buffer Frame Size Requested: 1024
[2021.09.25-10.29.30:782][  0]LogAudioMixer: Display: 	Callback Buffer Frame Size To Use:	  1024
[2021.09.25-10.29.30:782][  0]LogAudioMixer: Display: 	Number of buffers to queue:			  2
[2021.09.25-10.29.30:782][  0]LogAudioMixer: Display: 	Max Channels (voices):				  32
[2021.09.25-10.29.30:782][  0]LogAudioMixer: Display: 	Number of Async Source Workers:		  0
[2021.09.25-10.29.30:782][  0]LogAudio: Display: AudioDevice MaxSources: 32
[2021.09.25-10.29.30:782][  0]LogAudio: Display: Audio Spatialization Plugin: None (built-in).
[2021.09.25-10.29.30:782][  0]LogAudio: Display: Audio Reverb Plugin: None (built-in).
[2021.09.25-10.29.30:782][  0]LogAudio: Display: Audio Occlusion Plugin: None (built-in).
[2021.09.25-10.29.30:782][  0]LogAudioMixer: Display: Initializing audio mixer.
[2021.09.25-10.29.30:795][  0]LogAudioMixer: Display: 0: FrontLeft
[2021.09.25-10.29.30:795][  0]LogAudioMixer: Display: 1: FrontRight
[2021.09.25-10.29.30:830][  0]LogAudioMixer: Display: Using Audio Device LG ULTRAWIDE (NVIDIA High Definition Audio)
[2021.09.25-10.29.30:830][  0]LogAudioMixer: Display: Initializing Sound Submixes...
[2021.09.25-10.29.30:832][  0]LogAudioMixer: Display: Creating Master Submix 'MasterSubmixDefault'
[2021.09.25-10.29.30:832][  0]LogAudioMixer: Display: Creating Master Submix 'MasterReverbSubmixDefault'
[2021.09.25-10.29.30:832][  0]LogAudioMixer: Display: Creating Master Submix 'MasterEQSubmixDefault'
[2021.09.25-10.29.30:832][  0]LogAudioMixer: FMixerPlatformXAudio2::StartAudioStream() called
[2021.09.25-10.29.30:832][  0]LogAudioMixer: Display: Output buffers initialized: Frames=1024, Channels=2, Samples=2048
[2021.09.25-10.29.30:833][  0]LogAudioMixer: Display: Starting AudioMixerPlatformInterface::RunInternal()
[2021.09.25-10.29.30:833][  0]LogAudioMixer: Display: FMixerPlatformXAudio2::SubmitBuffer() called for the first time
[2021.09.25-10.29.30:833][  0]LogInit: FAudioDevice initialized.
[2021.09.25-10.29.30:833][  0]LogAudio: Display: Audio Device (ID: 1) registered with world 'Untitled'.
[2021.09.25-10.29.30:833][  0]LogNetVersion: Set ProjectVersion to 1.0.0.0. Version Checksum will be recalculated on next use.
[2021.09.25-10.29.30:873][  0]LogDerivedDataCache: Saved boot cache 0.04s 95MB C:/Users/Baumel Márton/AppData/Local/UnrealEngine/4.27/DerivedDataCache/Boot.ddc.
[2021.09.25-10.29.30:874][  0]LogInit: Texture streaming: Enabled
[2021.09.25-10.29.30:883][  0]LogAnalytics: Display: [UEEditor.Rocket.Release] APIServer = https://datarouter.ol.epicgames.com/. AppVersion = 4.27.0-17155196+++UE4+Release-4.27
[2021.09.25-10.29.30:886][  0]LogEngineSessionManager: EngineSessionManager initialized
[2021.09.25-10.29.30:886][  0]LogEditorSessionSummary: Verbose: Initializing EditorSessionSummaryWriter for editor session tracking
[2021.09.25-10.29.30:887][  0]LogEditorSessionSummary: EditorSessionSummaryWriter initialized
[2021.09.25-10.29.30:906][  0]LogInit: Transaction tracking system initialized
[2021.09.25-10.29.30:920][  0]BlueprintLog: New page: Editor Load
[2021.09.25-10.29.30:961][  0]LocalizationService: Localization service is disabled
[2021.09.25-10.29.30:977][  0]TimingProfiler: Initialize
[2021.09.25-10.29.30:977][  0]TimingProfiler: OnSessionChanged
[2021.09.25-10.29.30:977][  0]LoadingProfiler: Initialize
[2021.09.25-10.29.30:977][  0]LoadingProfiler: OnSessionChanged
[2021.09.25-10.29.30:977][  0]NetworkingProfiler: Initialize
[2021.09.25-10.29.30:977][  0]NetworkingProfiler: OnSessionChanged
[2021.09.25-10.29.30:977][  0]MemoryProfiler: Initialize
[2021.09.25-10.29.30:978][  0]MemoryProfiler: OnSessionChanged
[2021.09.25-10.29.31:096][  0]LogCook: Display: CookSettings for Memory: MemoryMaxUsedVirtual 0MiB, MemoryMaxUsedPhysical 16384MiB, MemoryMinFreeVirtual 0MiB, MemoryMinFreePhysical 1024MiB
[2021.09.25-10.29.31:096][  0]LogCook: Display: Mobile HDR setting 1
